
*** Running vivado
    with args -log clk_wiz_0.vds -m64 -mode batch -messageDb vivado.pb -source clk_wiz_0.tcl


****** Vivado v2014.3.1 (64-bit)
  **** SW Build 1056140 on Thu Oct 30 16:30:39 MDT 2014
  **** IP Build 1028902 on Fri Sep 26 17:35:13 MDT 2014
    ** Copyright 1986-2014 Xilinx, Inc. All Rights Reserved.

source clk_wiz_0.tcl
# set_param gui.test TreeTableDev
# debug::add_scope template.lib 1
# set_msg_config -id {HDL 9-1061} -limit 100000
# set_msg_config -id {HDL 9-1654} -limit 100000
# create_project -in_memory -part xc7vx690tffg1761-2
# set_param project.compositeFile.enableAutoGeneration 0
# set_param synth.vivado.isSynthRun true
# set_msg_config -id {IP_Flow 19-2162} -severity warning -new_severity info
# set_property webtalk.parent_dir /home/gerstein/Xlinix/Vivado/2014.3.1/vc709_DTC/vc709_DTC.cache/wt [current_project]
# set_property parent.project_path /home/gerstein/Xlinix/Vivado/2014.3.1/vc709_DTC/vc709_DTC.xpr [current_project]
# set_property default_lib xil_defaultlib [current_project]
# set_property target_language Verilog [current_project]
# set_property board_part xilinx.com:vc709:part0:1.4 [current_project]
# read_ip /home/gerstein/Xlinix/Vivado/2014.3.1/vc709_DTC/vc709_DTC.srcs/sources_1/ip/clk_wiz_0/clk_wiz_0.xci
INFO: [IP_Flow 19-234] Refreshing IP repositories
INFO: [IP_Flow 19-1704] No user IP repositories specified
INFO: [IP_Flow 19-2313] Loaded Vivado IP repository '/home/gerstein/Xlinix/Vivado/2014.3.1/data/ip'.
WARNING: [IP_Flow 19-3664] IP 'clk_wiz_0' generated file not found '/home/gerstein/Xlinix/Vivado/2014.3.1/vc709_DTC/vc709_DTC.srcs/sources_1/ip/clk_wiz_0/clk_wiz_0.dcp'. Please regenerate to continue.
WARNING: [IP_Flow 19-3664] IP 'clk_wiz_0' generated file not found '/home/gerstein/Xlinix/Vivado/2014.3.1/vc709_DTC/vc709_DTC.srcs/sources_1/ip/clk_wiz_0/clk_wiz_0_stub.v'. Please regenerate to continue.
WARNING: [IP_Flow 19-3664] IP 'clk_wiz_0' generated file not found '/home/gerstein/Xlinix/Vivado/2014.3.1/vc709_DTC/vc709_DTC.srcs/sources_1/ip/clk_wiz_0/clk_wiz_0_stub.vhdl'. Please regenerate to continue.
WARNING: [IP_Flow 19-3664] IP 'clk_wiz_0' generated file not found '/home/gerstein/Xlinix/Vivado/2014.3.1/vc709_DTC/vc709_DTC.srcs/sources_1/ip/clk_wiz_0/clk_wiz_0_funcsim.v'. Please regenerate to continue.
WARNING: [IP_Flow 19-3664] IP 'clk_wiz_0' generated file not found '/home/gerstein/Xlinix/Vivado/2014.3.1/vc709_DTC/vc709_DTC.srcs/sources_1/ip/clk_wiz_0/clk_wiz_0_funcsim.vhdl'. Please regenerate to continue.
# set_property used_in_implementation false [get_files /home/gerstein/Xlinix/Vivado/2014.3.1/vc709_DTC/vc709_DTC.srcs/sources_1/ip/clk_wiz_0/clk_wiz_0.dcp]
# set_property used_in_implementation false [get_files -all /home/gerstein/Xlinix/Vivado/2014.3.1/vc709_DTC/vc709_DTC.srcs/sources_1/ip/clk_wiz_0/clk_wiz_0.dcp]
# set_property is_locked true [get_files /home/gerstein/Xlinix/Vivado/2014.3.1/vc709_DTC/vc709_DTC.srcs/sources_1/ip/clk_wiz_0/clk_wiz_0.xci]
# read_xdc dont_touch.xdc
# set_property used_in_implementation false [get_files dont_touch.xdc]
# catch { write_hwdef -file clk_wiz_0.hwdef }
INFO: [Vivado_Tcl 4-279] hardware handoff file cannot be generated as there is no block diagram instance in the design
# synth_design -top clk_wiz_0 -part xc7vx690tffg1761-2 -mode out_of_context
Command: synth_design -top clk_wiz_0 -part xc7vx690tffg1761-2 -mode out_of_context
Starting synth_design
Attempting to get a license for feature 'Synthesis' and/or device 'xc7vx690t'
INFO: [Common 17-349] Got license for feature 'Synthesis' and/or device 'xc7vx690t'
INFO: [Common 17-1223] The version limit for your license is '2016.04' and will expire in -177 days. A version limit expiration means that, although you may be able to continue to use the current version of tools or IP with this license, you will not be eligible for any updates or new releases.
---------------------------------------------------------------------------------
Starting RTL Elaboration : Time (s): cpu = 00:00:03 ; elapsed = 00:00:05 . Memory (MB): peak = 877.809 ; gain = 146.332 ; free physical = 9319 ; free virtual = 10052
---------------------------------------------------------------------------------
INFO: [Synth 8-638] synthesizing module 'clk_wiz_0' [/home/gerstein/Xlinix/Vivado/2014.3.1/vc709_DTC/vc709_DTC.srcs/sources_1/ip/clk_wiz_0/clk_wiz_0.v:69]
INFO: [Synth 8-638] synthesizing module 'clk_wiz_0_clk_wiz' [/home/gerstein/Xlinix/Vivado/2014.3.1/vc709_DTC/vc709_DTC.srcs/sources_1/ip/clk_wiz_0/clk_wiz_0_clk_wiz.v:67]
INFO: [Synth 8-638] synthesizing module 'IBUF' [/home/gerstein/Xlinix/Vivado/2014.3.1/scripts/rt/data/unisim_comp.v:10250]
	Parameter CAPACITANCE bound to: DONT_CARE - type: string 
	Parameter IBUF_DELAY_VALUE bound to: 0 - type: string 
	Parameter IBUF_LOW_PWR bound to: TRUE - type: string 
	Parameter IFD_DELAY_VALUE bound to: AUTO - type: string 
	Parameter IOSTANDARD bound to: DEFAULT - type: string 
INFO: [Synth 8-256] done synthesizing module 'IBUF' (1#1) [/home/gerstein/Xlinix/Vivado/2014.3.1/scripts/rt/data/unisim_comp.v:10250]
INFO: [Synth 8-638] synthesizing module 'MMCME2_ADV' [/home/gerstein/Xlinix/Vivado/2014.3.1/scripts/rt/data/unisim_comp.v:15990]
	Parameter BANDWIDTH bound to: OPTIMIZED - type: string 
	Parameter CLKFBOUT_USE_FINE_PS bound to: FALSE - type: string 
	Parameter CLKOUT0_USE_FINE_PS bound to: FALSE - type: string 
	Parameter CLKOUT1_USE_FINE_PS bound to: FALSE - type: string 
	Parameter CLKOUT2_USE_FINE_PS bound to: FALSE - type: string 
	Parameter CLKOUT3_USE_FINE_PS bound to: FALSE - type: string 
	Parameter CLKOUT4_CASCADE bound to: FALSE - type: string 
	Parameter CLKOUT4_USE_FINE_PS bound to: FALSE - type: string 
	Parameter CLKOUT5_USE_FINE_PS bound to: FALSE - type: string 
	Parameter CLKOUT6_USE_FINE_PS bound to: FALSE - type: string 
	Parameter COMPENSATION bound to: ZHOLD - type: string 
	Parameter SS_EN bound to: FALSE - type: string 
	Parameter SS_MODE bound to: CENTER_HIGH - type: string 
	Parameter STARTUP_WAIT bound to: FALSE - type: string 
	Parameter IS_CLKINSEL_INVERTED bound to: 1'b0 
	Parameter IS_PSEN_INVERTED bound to: 1'b0 
	Parameter IS_PSINCDEC_INVERTED bound to: 1'b0 
	Parameter IS_PWRDWN_INVERTED bound to: 1'b0 
	Parameter IS_RST_INVERTED bound to: 1'b0 
	Parameter CLKOUT1_DIVIDE bound to: 1 - type: integer 
	Parameter CLKOUT2_DIVIDE bound to: 1 - type: integer 
	Parameter CLKOUT3_DIVIDE bound to: 1 - type: integer 
	Parameter CLKOUT4_DIVIDE bound to: 1 - type: integer 
	Parameter CLKOUT5_DIVIDE bound to: 1 - type: integer 
	Parameter CLKOUT6_DIVIDE bound to: 1 - type: integer 
	Parameter DIVCLK_DIVIDE bound to: 1 - type: integer 
	Parameter SS_MOD_PERIOD bound to: 10000 - type: integer 
	Parameter CLKFBOUT_MULT_F bound to: 5.000000 - type: float 
	Parameter CLKFBOUT_PHASE bound to: 0.000000 - type: float 
	Parameter CLKIN1_PERIOD bound to: 5.000000 - type: float 
	Parameter CLKIN2_PERIOD bound to: 0.000000 - type: float 
	Parameter CLKOUT0_DIVIDE_F bound to: 3.125000 - type: float 
	Parameter CLKOUT0_DUTY_CYCLE bound to: 0.500000 - type: float 
	Parameter CLKOUT0_PHASE bound to: 0.000000 - type: float 
	Parameter CLKOUT1_DUTY_CYCLE bound to: 0.500000 - type: float 
	Parameter CLKOUT1_PHASE bound to: 0.000000 - type: float 
	Parameter CLKOUT2_DUTY_CYCLE bound to: 0.500000 - type: float 
	Parameter CLKOUT2_PHASE bound to: 0.000000 - type: float 
	Parameter CLKOUT3_DUTY_CYCLE bound to: 0.500000 - type: float 
	Parameter CLKOUT3_PHASE bound to: 0.000000 - type: float 
	Parameter CLKOUT4_DUTY_CYCLE bound to: 0.500000 - type: float 
	Parameter CLKOUT4_PHASE bound to: 0.000000 - type: float 
	Parameter CLKOUT5_DUTY_CYCLE bound to: 0.500000 - type: float 
	Parameter CLKOUT5_PHASE bound to: 0.000000 - type: float 
	Parameter CLKOUT6_DUTY_CYCLE bound to: 0.500000 - type: float 
	Parameter CLKOUT6_PHASE bound to: 0.000000 - type: float 
	Parameter REF_JITTER1 bound to: 0.010000 - type: float 
	Parameter REF_JITTER2 bound to: 0.010000 - type: float 
INFO: [Synth 8-256] done synthesizing module 'MMCME2_ADV' (2#1) [/home/gerstein/Xlinix/Vivado/2014.3.1/scripts/rt/data/unisim_comp.v:15990]
INFO: [Synth 8-638] synthesizing module 'BUFG' [/home/gerstein/Xlinix/Vivado/2014.3.1/scripts/rt/data/unisim_comp.v:606]
INFO: [Synth 8-256] done synthesizing module 'BUFG' (3#1) [/home/gerstein/Xlinix/Vivado/2014.3.1/scripts/rt/data/unisim_comp.v:606]
INFO: [Synth 8-256] done synthesizing module 'clk_wiz_0_clk_wiz' (4#1) [/home/gerstein/Xlinix/Vivado/2014.3.1/vc709_DTC/vc709_DTC.srcs/sources_1/ip/clk_wiz_0/clk_wiz_0_clk_wiz.v:67]
INFO: [Synth 8-256] done synthesizing module 'clk_wiz_0' (5#1) [/home/gerstein/Xlinix/Vivado/2014.3.1/vc709_DTC/vc709_DTC.srcs/sources_1/ip/clk_wiz_0/clk_wiz_0.v:69]
---------------------------------------------------------------------------------
Finished RTL Elaboration : Time (s): cpu = 00:00:04 ; elapsed = 00:00:06 . Memory (MB): peak = 913.051 ; gain = 181.574 ; free physical = 9278 ; free virtual = 10015
---------------------------------------------------------------------------------

Report Check Netlist: 
+------+------------------+-------+---------+-------+------------------+
|      |Item              |Errors |Warnings |Status |Description       |
+------+------------------+-------+---------+-------+------------------+
|1     |multi_driven_nets |      0|        0|Passed |Multi driven nets |
+------+------------------+-------+---------+-------+------------------+
---------------------------------------------------------------------------------
Finished RTL Optimization Phase 1 : Time (s): cpu = 00:00:04 ; elapsed = 00:00:06 . Memory (MB): peak = 913.051 ; gain = 181.574 ; free physical = 9278 ; free virtual = 10016
---------------------------------------------------------------------------------
INFO: [Netlist 29-17] Analyzing 2 Unisim elements for replacement
INFO: [Netlist 29-28] Unisim Transformation completed in 0 CPU seconds
Loading clock regions from /home/gerstein/Xlinix/Vivado/2014.3.1/data/parts/xilinx/virtex7/virtex7/xc7vx690t/ClockRegion.xml
Loading clock buffers from /home/gerstein/Xlinix/Vivado/2014.3.1/data/parts/xilinx/virtex7/virtex7/xc7vx690t/ClockBuffers.xml
Loading clock placement rules from /home/gerstein/Xlinix/Vivado/2014.3.1/data/parts/xilinx/virtex7/ClockPlacerRules.xml
Loading package pin functions from /home/gerstein/Xlinix/Vivado/2014.3.1/data/parts/xilinx/virtex7/PinFunctions.xml...
Loading package from /home/gerstein/Xlinix/Vivado/2014.3.1/data/parts/xilinx/virtex7/virtex7/xc7vx690t/ffg1761/Package.xml
Loading io standards from /home/gerstein/Xlinix/Vivado/2014.3.1/data/./parts/xilinx/virtex7/IOStandards.xml
Loading device configuration modes from /home/gerstein/Xlinix/Vivado/2014.3.1/data/parts/xilinx/virtex7/ConfigModes.xml
INFO: [Project 1-570] Preparing netlist for logic optimization

Processing XDC Constraints
Initializing timing engine
Parsing XDC File [/home/gerstein/Xlinix/Vivado/2014.3.1/vc709_DTC/vc709_DTC.srcs/sources_1/ip/clk_wiz_0/clk_wiz_0_ooc.xdc] for cell 'inst'
Finished Parsing XDC File [/home/gerstein/Xlinix/Vivado/2014.3.1/vc709_DTC/vc709_DTC.srcs/sources_1/ip/clk_wiz_0/clk_wiz_0_ooc.xdc] for cell 'inst'
Parsing XDC File [/home/gerstein/Xlinix/Vivado/2014.3.1/vc709_DTC/vc709_DTC.srcs/sources_1/ip/clk_wiz_0/clk_wiz_0_board.xdc] for cell 'inst'
Finished Parsing XDC File [/home/gerstein/Xlinix/Vivado/2014.3.1/vc709_DTC/vc709_DTC.srcs/sources_1/ip/clk_wiz_0/clk_wiz_0_board.xdc] for cell 'inst'
Parsing XDC File [/home/gerstein/Xlinix/Vivado/2014.3.1/vc709_DTC/vc709_DTC.srcs/sources_1/ip/clk_wiz_0/clk_wiz_0.xdc] for cell 'inst'
Finished Parsing XDC File [/home/gerstein/Xlinix/Vivado/2014.3.1/vc709_DTC/vc709_DTC.srcs/sources_1/ip/clk_wiz_0/clk_wiz_0.xdc] for cell 'inst'
INFO: [Timing 38-2] Deriving generated clocks
INFO: [Project 1-236] Implementation specific constraints were found while reading constraint file [/home/gerstein/Xlinix/Vivado/2014.3.1/vc709_DTC/vc709_DTC.srcs/sources_1/ip/clk_wiz_0/clk_wiz_0.xdc]. These constraints will be ignored for synthesis but will be used in implementation. Impacted constraints are listed in the file [.Xil/clk_wiz_0_propImpl.xdc].
Resolution: To avoid this warning, move constraints listed in [.Xil/clk_wiz_0_propImpl.xdc] to anoth XDC file and exclude this new file from synthesis with the used_in_synthesis property (File Properties dialog in GUI) and re-run elaboration/synthesis.
Parsing XDC File [/home/gerstein/Xlinix/Vivado/2014.3.1/vc709_DTC/vc709_DTC.runs/clk_wiz_0_synth_1/dont_touch.xdc]
Finished Parsing XDC File [/home/gerstein/Xlinix/Vivado/2014.3.1/vc709_DTC/vc709_DTC.runs/clk_wiz_0_synth_1/dont_touch.xdc]
Completed Processing XDC Constraints

INFO: [Project 1-111] Unisim Transformation Summary:
No Unisim elements were transformed.

Constraint Validation Runtime : Time (s): cpu = 00:00:00.02 ; elapsed = 00:00:00.01 . Memory (MB): peak = 1289.566 ; gain = 0.000 ; free physical = 8807 ; free virtual = 9648
---------------------------------------------------------------------------------
Finished Constraint Validation : Time (s): cpu = 00:00:16 ; elapsed = 00:00:21 . Memory (MB): peak = 1289.566 ; gain = 558.090 ; free physical = 8806 ; free virtual = 9647
---------------------------------------------------------------------------------
---------------------------------------------------------------------------------
Start Loading Part and Timing Information
---------------------------------------------------------------------------------
Loading part: xc7vx690tffg1761-2
---------------------------------------------------------------------------------
Finished Loading Part and Timing Information : Time (s): cpu = 00:00:16 ; elapsed = 00:00:21 . Memory (MB): peak = 1289.566 ; gain = 558.090 ; free physical = 8806 ; free virtual = 9648
---------------------------------------------------------------------------------
---------------------------------------------------------------------------------
Start Applying 'set_property' XDC Constraints
---------------------------------------------------------------------------------
Applied set_property DONT_TOUCH = true for inst. (constraint file  /home/gerstein/Xlinix/Vivado/2014.3.1/vc709_DTC/vc709_DTC.runs/clk_wiz_0_synth_1/dont_touch.xdc, line 9).
---------------------------------------------------------------------------------
Finished applying 'set_property' XDC Constraints : Time (s): cpu = 00:00:16 ; elapsed = 00:00:21 . Memory (MB): peak = 1289.566 ; gain = 558.090 ; free physical = 8806 ; free virtual = 9648
---------------------------------------------------------------------------------
---------------------------------------------------------------------------------
Finished RTL Optimization Phase 2 : Time (s): cpu = 00:00:16 ; elapsed = 00:00:21 . Memory (MB): peak = 1289.566 ; gain = 558.090 ; free physical = 8806 ; free virtual = 9648
---------------------------------------------------------------------------------

Report RTL Partitions: 
+-+--------------+------------+----------+
| |RTL Partition |Replication |Instances |
+-+--------------+------------+----------+
+-+--------------+------------+----------+
---------------------------------------------------------------------------------
Start RTL Component Statistics 
---------------------------------------------------------------------------------
Detailed RTL Component Info : 
---------------------------------------------------------------------------------
Finished RTL Component Statistics 
---------------------------------------------------------------------------------
---------------------------------------------------------------------------------
Start RTL Hierarchical Component Statistics 
---------------------------------------------------------------------------------
Hierarchical RTL Component report 
Module clk_wiz_0 
Detailed RTL Component Info : 
Module clk_wiz_0_clk_wiz 
Detailed RTL Component Info : 
---------------------------------------------------------------------------------
Finished RTL Hierarchical Component Statistics
---------------------------------------------------------------------------------
---------------------------------------------------------------------------------
Start Part Resource Summary
---------------------------------------------------------------------------------
Part Resources:
DSPs: 3600 (col length:200)
BRAMs: 2940 (col length: RAMB18 200 RAMB36 100)
---------------------------------------------------------------------------------
Finished Part Resource Summary
---------------------------------------------------------------------------------
Start Parallel Synthesis Optimization  : Time (s): cpu = 00:00:16 ; elapsed = 00:00:21 . Memory (MB): peak = 1289.566 ; gain = 558.090 ; free physical = 8805 ; free virtual = 9648
---------------------------------------------------------------------------------
Start Cross Boundary Optimization
---------------------------------------------------------------------------------
---------------------------------------------------------------------------------
Finished Cross Boundary Optimization : Time (s): cpu = 00:00:16 ; elapsed = 00:00:21 . Memory (MB): peak = 1289.566 ; gain = 558.090 ; free physical = 8805 ; free virtual = 9648
---------------------------------------------------------------------------------
Finished Parallel Reinference  : Time (s): cpu = 00:00:16 ; elapsed = 00:00:21 . Memory (MB): peak = 1289.566 ; gain = 558.090 ; free physical = 8805 ; free virtual = 9648

Report RTL Partitions: 
+-+--------------+------------+----------+
| |RTL Partition |Replication |Instances |
+-+--------------+------------+----------+
+-+--------------+------------+----------+
---------------------------------------------------------------------------------
Start RAM, DSP and Shift Register Reporting
---------------------------------------------------------------------------------
---------------------------------------------------------------------------------
Finished RAM, DSP and Shift Register Reporting
---------------------------------------------------------------------------------
---------------------------------------------------------------------------------
Start Area Optimization
---------------------------------------------------------------------------------
---------------------------------------------------------------------------------
Finished Area Optimization : Time (s): cpu = 00:00:16 ; elapsed = 00:00:21 . Memory (MB): peak = 1289.566 ; gain = 558.090 ; free physical = 8804 ; free virtual = 9648
---------------------------------------------------------------------------------
---------------------------------------------------------------------------------
Finished Area Optimization : Time (s): cpu = 00:00:16 ; elapsed = 00:00:21 . Memory (MB): peak = 1289.566 ; gain = 558.090 ; free physical = 8804 ; free virtual = 9648
---------------------------------------------------------------------------------
Finished Parallel Area Optimization  : Time (s): cpu = 00:00:16 ; elapsed = 00:00:21 . Memory (MB): peak = 1289.566 ; gain = 558.090 ; free physical = 8804 ; free virtual = 9648

Report RTL Partitions: 
+-+--------------+------------+----------+
| |RTL Partition |Replication |Instances |
+-+--------------+------------+----------+
+-+--------------+------------+----------+
Finished Parallel Synthesis Optimization  : Time (s): cpu = 00:00:16 ; elapsed = 00:00:21 . Memory (MB): peak = 1289.566 ; gain = 558.090 ; free physical = 8804 ; free virtual = 9648
---------------------------------------------------------------------------------
Start Timing Optimization
---------------------------------------------------------------------------------
---------------------------------------------------------------------------------
Start Applying XDC Timing Constraints
---------------------------------------------------------------------------------
---------------------------------------------------------------------------------
Finished Applying XDC Timing Constraints : Time (s): cpu = 00:00:25 ; elapsed = 00:00:33 . Memory (MB): peak = 1313.566 ; gain = 582.090 ; free physical = 8770 ; free virtual = 9622
---------------------------------------------------------------------------------
---------------------------------------------------------------------------------
Finished Timing Optimization : Time (s): cpu = 00:00:25 ; elapsed = 00:00:33 . Memory (MB): peak = 1313.566 ; gain = 582.090 ; free physical = 8769 ; free virtual = 9621
---------------------------------------------------------------------------------

Report RTL Partitions: 
+-+--------------+------------+----------+
| |RTL Partition |Replication |Instances |
+-+--------------+------------+----------+
+-+--------------+------------+----------+
---------------------------------------------------------------------------------
Start Technology Mapping
---------------------------------------------------------------------------------
---------------------------------------------------------------------------------
Finished Technology Mapping : Time (s): cpu = 00:00:25 ; elapsed = 00:00:33 . Memory (MB): peak = 1323.578 ; gain = 592.102 ; free physical = 8761 ; free virtual = 9613
---------------------------------------------------------------------------------

Report RTL Partitions: 
+-+--------------+------------+----------+
| |RTL Partition |Replication |Instances |
+-+--------------+------------+----------+
+-+--------------+------------+----------+
---------------------------------------------------------------------------------
Start IO Insertion
---------------------------------------------------------------------------------
---------------------------------------------------------------------------------
Start Flattening Before IO Insertion
---------------------------------------------------------------------------------
---------------------------------------------------------------------------------
Finished Flattening Before IO Insertion
---------------------------------------------------------------------------------
---------------------------------------------------------------------------------
Start Final Netlist Cleanup
---------------------------------------------------------------------------------
---------------------------------------------------------------------------------
Finished Final Netlist Cleanup
---------------------------------------------------------------------------------
---------------------------------------------------------------------------------
Finished IO Insertion : Time (s): cpu = 00:00:25 ; elapsed = 00:00:33 . Memory (MB): peak = 1323.578 ; gain = 592.102 ; free physical = 8761 ; free virtual = 9613
---------------------------------------------------------------------------------

Report Check Netlist: 
+------+------------------+-------+---------+-------+------------------+
|      |Item              |Errors |Warnings |Status |Description       |
+------+------------------+-------+---------+-------+------------------+
|1     |multi_driven_nets |      0|        0|Passed |Multi driven nets |
+------+------------------+-------+---------+-------+------------------+
---------------------------------------------------------------------------------
Start Renaming Generated Instances
---------------------------------------------------------------------------------
---------------------------------------------------------------------------------
Finished Renaming Generated Instances : Time (s): cpu = 00:00:25 ; elapsed = 00:00:33 . Memory (MB): peak = 1323.578 ; gain = 592.102 ; free physical = 8761 ; free virtual = 9613
---------------------------------------------------------------------------------

Report RTL Partitions: 
+-+--------------+------------+----------+
| |RTL Partition |Replication |Instances |
+-+--------------+------------+----------+
+-+--------------+------------+----------+
---------------------------------------------------------------------------------
Start Rebuilding User Hierarchy
---------------------------------------------------------------------------------
---------------------------------------------------------------------------------
Finished Rebuilding User Hierarchy : Time (s): cpu = 00:00:25 ; elapsed = 00:00:33 . Memory (MB): peak = 1323.578 ; gain = 592.102 ; free physical = 8761 ; free virtual = 9613
---------------------------------------------------------------------------------
---------------------------------------------------------------------------------
Start RAM, DSP and Shift Register Reporting
---------------------------------------------------------------------------------
---------------------------------------------------------------------------------
Finished RAM, DSP and Shift Register Reporting
---------------------------------------------------------------------------------
---------------------------------------------------------------------------------
Start Writing Synthesis Report
---------------------------------------------------------------------------------

Report BlackBoxes: 
+-+--------------+----------+
| |BlackBox name |Instances |
+-+--------------+----------+
+-+--------------+----------+

Report Cell Usage: 
+------+-----------+------+
|      |Cell       |Count |
+------+-----------+------+
|1     |BUFG       |     2|
|2     |MMCME2_ADV |     1|
|3     |IBUF       |     1|
+------+-----------+------+

Report Instance Areas: 
+------+---------+------------------+------+
|      |Instance |Module            |Cells |
+------+---------+------------------+------+
|1     |top      |                  |     4|
|2     |  inst   |clk_wiz_0_clk_wiz |     4|
+------+---------+------------------+------+
---------------------------------------------------------------------------------
Finished Writing Synthesis Report : Time (s): cpu = 00:00:25 ; elapsed = 00:00:33 . Memory (MB): peak = 1323.578 ; gain = 592.102 ; free physical = 8761 ; free virtual = 9613
---------------------------------------------------------------------------------
Synthesis finished with 0 errors, 0 critical warnings and 0 warnings.
Synthesis Optimization Runtime : Time (s): cpu = 00:00:14 ; elapsed = 00:00:18 . Memory (MB): peak = 1323.578 ; gain = 114.238 ; free physical = 8761 ; free virtual = 9613
Synthesis Optimization Complete : Time (s): cpu = 00:00:25 ; elapsed = 00:00:33 . Memory (MB): peak = 1323.578 ; gain = 592.102 ; free physical = 8761 ; free virtual = 9613
INFO: [Project 1-571] Translating synthesized netlist
INFO: [Netlist 29-17] Analyzing 2 Unisim elements for replacement
INFO: [Netlist 29-28] Unisim Transformation completed in 0 CPU seconds
INFO: [Project 1-570] Preparing netlist for logic optimization
Parsing XDC File [/home/gerstein/Xlinix/Vivado/2014.3.1/vc709_DTC/vc709_DTC.srcs/sources_1/ip/clk_wiz_0/clk_wiz_0_ooc.xdc] for cell 'inst'
Finished Parsing XDC File [/home/gerstein/Xlinix/Vivado/2014.3.1/vc709_DTC/vc709_DTC.srcs/sources_1/ip/clk_wiz_0/clk_wiz_0_ooc.xdc] for cell 'inst'
Parsing XDC File [/home/gerstein/Xlinix/Vivado/2014.3.1/vc709_DTC/vc709_DTC.srcs/sources_1/ip/clk_wiz_0/clk_wiz_0_board.xdc] for cell 'inst'
Finished Parsing XDC File [/home/gerstein/Xlinix/Vivado/2014.3.1/vc709_DTC/vc709_DTC.srcs/sources_1/ip/clk_wiz_0/clk_wiz_0_board.xdc] for cell 'inst'
Parsing XDC File [/home/gerstein/Xlinix/Vivado/2014.3.1/vc709_DTC/vc709_DTC.srcs/sources_1/ip/clk_wiz_0/clk_wiz_0.xdc] for cell 'inst'
INFO: [Timing 38-35] Done setting XDC timing constraints. [/home/gerstein/Xlinix/Vivado/2014.3.1/vc709_DTC/vc709_DTC.srcs/sources_1/ip/clk_wiz_0/clk_wiz_0.xdc:56]
INFO: [Timing 38-2] Deriving generated clocks [/home/gerstein/Xlinix/Vivado/2014.3.1/vc709_DTC/vc709_DTC.srcs/sources_1/ip/clk_wiz_0/clk_wiz_0.xdc:56]
get_clocks: Time (s): cpu = 00:00:14 ; elapsed = 00:00:17 . Memory (MB): peak = 1902.809 ; gain = 557.230 ; free physical = 8151 ; free virtual = 9029
Finished Parsing XDC File [/home/gerstein/Xlinix/Vivado/2014.3.1/vc709_DTC/vc709_DTC.srcs/sources_1/ip/clk_wiz_0/clk_wiz_0.xdc] for cell 'inst'
INFO: [Opt 31-138] Pushed 0 inverter(s) to 0 load pin(s).
INFO: [Project 1-111] Unisim Transformation Summary:
No Unisim elements were transformed.

INFO: [Common 17-83] Releasing license: Synthesis
27 Infos, 0 Warnings, 0 Critical Warnings and 0 Errors encountered.
synth_design completed successfully
synth_design: Time (s): cpu = 00:00:39 ; elapsed = 00:00:51 . Memory (MB): peak = 1902.809 ; gain = 1069.996 ; free physical = 8151 ; free virtual = 9029
# rename_ref -prefix_all clk_wiz_0_
# write_checkpoint -noxdef clk_wiz_0.dcp
# catch { report_utilization -file clk_wiz_0_utilization_synth.rpt -pb clk_wiz_0_utilization_synth.pb }
report_utilization: Time (s): cpu = 00:00:00.13 ; elapsed = 00:00:00.21 . Memory (MB): peak = 1902.812 ; gain = 0.000 ; free physical = 8150 ; free virtual = 9029
# if { [catch {
#   file copy -force /home/gerstein/Xlinix/Vivado/2014.3.1/vc709_DTC/vc709_DTC.runs/clk_wiz_0_synth_1/clk_wiz_0.dcp /home/gerstein/Xlinix/Vivado/2014.3.1/vc709_DTC/vc709_DTC.srcs/sources_1/ip/clk_wiz_0/clk_wiz_0.dcp
# } _RESULT ] } { 
#   error "ERROR: Unable to successfully create or copy the sub-design checkpoint file."
# }
# if { [catch {
#   write_verilog -force -mode synth_stub /home/gerstein/Xlinix/Vivado/2014.3.1/vc709_DTC/vc709_DTC.srcs/sources_1/ip/clk_wiz_0/clk_wiz_0_stub.v
# } _RESULT ] } { 
#   puts "CRITICAL WARNING: Unable to successfully create a Verilog synthesis stub for the sub-design. This may lead to errors in top level synthesis of the design. Error reported: $_RESULT"
# }
# if { [catch {
#   write_vhdl -force -mode synth_stub /home/gerstein/Xlinix/Vivado/2014.3.1/vc709_DTC/vc709_DTC.srcs/sources_1/ip/clk_wiz_0/clk_wiz_0_stub.vhdl
# } _RESULT ] } { 
#   puts "CRITICAL WARNING: Unable to successfully create a VHDL synthesis stub for the sub-design. This may lead to errors in top level synthesis of the design. Error reported: $_RESULT"
# }
# if { [catch {
#   write_verilog -force -mode funcsim /home/gerstein/Xlinix/Vivado/2014.3.1/vc709_DTC/vc709_DTC.srcs/sources_1/ip/clk_wiz_0/clk_wiz_0_funcsim.v
# } _RESULT ] } { 
#   puts "CRITICAL WARNING: Unable to successfully create the Verilog functional simulation sub-design file. Post-Synthesis Functional Simulation with this file may not be possible or may give incorrect results. Error reported: $_RESULT"
# }
# if { [catch {
#   write_vhdl -force -mode funcsim /home/gerstein/Xlinix/Vivado/2014.3.1/vc709_DTC/vc709_DTC.srcs/sources_1/ip/clk_wiz_0/clk_wiz_0_funcsim.vhdl
# } _RESULT ] } { 
#   puts "CRITICAL WARNING: Unable to successfully create the VHDL functional simulation sub-design file. Post-Synthesis Functional Simulation with this file may not be possible or may give incorrect results. Error reported: $_RESULT"
# }
INFO: [Common 17-206] Exiting Vivado at Mon Oct 24 10:31:06 2016...
